2026-01-03 | 18:05 | INFO | https://arif-iqbal.com/account | DEGRADED | 524ms | 404 | None
2026-01-03 | 18:05 | INFO | http://www.webartsy.site/ | DEGRADED | 282ms | 200 | domain has been suspended
2026-01-03 | 18:05 | INFO | http://webartsy.store/ | DEGRADED | 273ms | 200 | domain has been suspended
2026-01-03 | 18:05 | INFO | http://example.com:81 | DOWN | None | None | Hostname name or service not known
2026-01-03 | 18:05 | INFO | http://example.com:71 | DOWN | None | None | Hostname name or service not known
2026-01-03 | 18:05 | INFO | http://webartsy.online/ | DEGRADED | 273ms | 200 | domain has been suspended
2026-01-03 | 18:05 | INFO | https://httpstat.us/404 | DOWN | None | None | Connection Refused Error
2026-01-03 | 18:05 | INFO | http://httpstat.us/503 | DOWN | None | None | Connection Refused Error
2026-01-03 | 18:05 | INFO | https://google.com | UP | 654ms | 200 | None
2026-01-03 | 18:05 | INFO | https://arif-iqbal.com/account | DEGRADED | 553ms | 404 | None
2026-01-03 | 18:05 | INFO | http://www.webartsy.site/ | DEGRADED | 308ms | 200 | domain has been suspended
2026-01-03 | 18:05 | INFO | http://webartsy.store/ | DEGRADED | 282ms | 200 | domain has been suspended
2026-01-03 | 18:05 | INFO | http://example.com:81 | DOWN | None | None | Hostname name or service not known
2026-01-03 | 18:05 | INFO | http://example.com:71 | DOWN | None | None | Hostname name or service not known
2026-01-03 | 18:05 | INFO | http://webartsy.online/ | DEGRADED | 270ms | 200 | domain has been suspended
2026-01-03 | 18:05 | INFO | https://httpstat.us/404 | DOWN | None | None | Connection Refused Error
2026-01-03 | 18:05 | INFO | http://httpstat.us/503 | DOWN | None | None | Connection Refused Error
2026-01-03 | 18:05 | INFO | https://google.com | UP | 633ms | 200 | None
2026-01-03 | 18:06 | INFO | https://arif-iqbal.com/account | DEGRADED | 516ms | 404 | None
2026-01-03 | 18:06 | INFO | http://www.webartsy.site/ | DEGRADED | 283ms | 200 | domain has been suspended
2026-01-03 | 18:06 | INFO | http://webartsy.store/ | DEGRADED | 273ms | 200 | domain has been suspended
2026-01-03 | 18:06 | INFO | http://example.com:81 | DOWN | None | None | Hostname name or service not known
2026-01-03 | 18:06 | INFO | http://example.com:71 | DOWN | None | None | Hostname name or service not known
2026-01-03 | 18:06 | INFO | http://webartsy.online/ | DEGRADED | 299ms | 200 | domain has been suspended
2026-01-03 | 18:06 | INFO | https://httpstat.us/404 | DOWN | None | None | Connection Refused Error
2026-01-03 | 18:06 | INFO | http://httpstat.us/503 | DOWN | None | None | Connection Refused Error
2026-01-03 | 18:06 | INFO | https://google.com | UP | 656ms | 200 | None
2026-01-03 | 18:11 | INFO | https://arif-iqbal.com/account | DEGRADED | 1687ms | 404 | None
2026-01-03 | 18:11 | INFO | http://www.webartsy.site/ | DEGRADED | 284ms | 200 | domain has been suspended
2026-01-03 | 18:11 | INFO | http://webartsy.store/ | DEGRADED | 301ms | 200 | domain has been suspended
2026-01-03 | 18:11 | INFO | http://example.com:81 | DOWN | None | None | Hostname name or service not known
2026-01-03 | 18:11 | INFO | http://example.com:71 | DOWN | None | None | Hostname name or service not known
2026-01-03 | 18:11 | INFO | http://webartsy.online/ | DEGRADED | 274ms | 200 | domain has been suspended
2026-01-03 | 18:11 | INFO | https://httpstat.us/404 | DOWN | None | None | Connection Refused Error
2026-01-03 | 18:11 | INFO | http://httpstat.us/503 | DOWN | None | None | Connection Refused Error
2026-01-03 | 18:11 | INFO | https://google.com | UP | 631ms | 200 | None
2026-01-03 | 18:18 | INFO | https://arif-iqbal.com/account | DEGRADED | 536ms | 404 | None
2026-01-03 | 18:18 | INFO | http://www.webartsy.site/ | DEGRADED | 290ms | 200 | domain has been suspended
2026-01-03 | 18:18 | INFO | http://webartsy.store/ | DEGRADED | 272ms | 200 | domain has been suspended
2026-01-03 | 18:18 | INFO | http://example.com:81 | DOWN | None | None | Hostname name or service not known
2026-01-03 | 18:18 | INFO | http://example.com:71 | DOWN | None | None | Hostname name or service not known
2026-01-03 | 18:18 | INFO | http://webartsy.online/ | DEGRADED | 298ms | 200 | domain has been suspended
2026-01-03 | 18:18 | INFO | https://httpstat.us/404 | DOWN | None | None | Connection Refused Error
2026-01-03 | 18:18 | INFO | http://httpstat.us/503 | DOWN | None | None | Connection Refused Error
2026-01-03 | 18:18 | INFO | https://google.com | UP | 618ms | 200 | None
2026-01-04 | 18:33 | INFO | https://arif-iqbal.com/account | DEGRADED | 522ms | 404 | None
2026-01-04 | 18:33 | INFO | http://www.webartsy.site/ | DEGRADED | 271ms | 200 | domain has been suspended
2026-01-04 | 18:33 | INFO | http://webartsy.store/ | DEGRADED | 281ms | 200 | domain has been suspended
2026-01-04 | 18:33 | INFO | http://example.com:81 | DOWN | None | None | Hostname name or service not known
2026-01-04 | 18:33 | INFO | http://example.com:71 | DOWN | None | None | Hostname name or service not known
2026-01-04 | 18:33 | INFO | http://webartsy.online/ | DEGRADED | 291ms | 200 | domain has been suspended
2026-01-04 | 18:33 | INFO | https://httpstat.us/404 | DOWN | None | None | Connection Refused Error
2026-01-04 | 18:33 | INFO | http://httpstat.us/503 | DOWN | None | None | Connection Refused Error
2026-01-04 | 18:33 | INFO | https://google.com | UP | 619ms | 200 | None
2026-01-05 | 11:41 | INFO | https://arif-iqbal.com/account | DEGRADED | 526ms | 404 | None
2026-01-05 | 11:41 | INFO | http://www.webartsy.site/ | DEGRADED | 289ms | 200 | domain has been suspended
2026-01-05 | 11:41 | INFO | http://webartsy.store/ | DEGRADED | 706ms | 200 | domain has been suspended
2026-01-05 | 11:41 | INFO | http://example.com:81 | DOWN | None | None | Hostname name or service not known
2026-01-05 | 11:41 | INFO | http://example.com:71 | DOWN | None | None | Hostname name or service not known
2026-01-05 | 11:41 | INFO | http://webartsy.online/ | DEGRADED | 524ms | 200 | domain has been suspended
2026-01-05 | 11:41 | INFO | https://httpstat.us/404 | DOWN | None | None | Connection Refused Error
2026-01-05 | 11:41 | INFO | http://httpstat.us/503 | DOWN | None | None | Connection Refused Error
2026-01-05 | 11:41 | INFO | https://google.com | UP | 655ms | 200 | None
2026-01-05 | 11:43 | INFO | https://arif-iqbal.com/account | DEGRADED | 556ms | 404 | None
2026-01-05 | 11:43 | INFO | http://www.webartsy.site/ | DEGRADED | 1273ms | 200 | domain has been suspended
2026-01-05 | 11:43 | INFO | http://webartsy.store/ | DEGRADED | 297ms | 200 | domain has been suspended
2026-01-05 | 11:43 | INFO | http://example.com:81 | DOWN | None | None | Hostname name or service not known
2026-01-05 | 11:43 | INFO | http://example.com:71 | DOWN | None | None | Hostname name or service not known
2026-01-05 | 11:43 | INFO | http://webartsy.online/ | DEGRADED | 281ms | 200 | domain has been suspended
2026-01-05 | 11:43 | INFO | https://httpstat.us/404 | DOWN | None | None | Connection Refused Error
2026-01-05 | 11:43 | INFO | http://httpstat.us/503 | DOWN | None | None | Connection Refused Error
2026-01-05 | 11:43 | INFO | https://google.com | UP | 661ms | 200 | None
2026-01-05 | 11:45 | INFO | https://arif-iqbal.com/account | DEGRADED | 558ms | 404 | None
2026-01-05 | 11:45 | INFO | http://www.webartsy.site/ | DEGRADED | 294ms | 200 | domain has been suspended
2026-01-05 | 11:45 | INFO | http://webartsy.store/ | DEGRADED | 299ms | 200 | domain has been suspended
2026-01-05 | 11:45 | INFO | http://example.com:81 | DOWN | None | None | Hostname name or service not known
2026-01-05 | 11:45 | INFO | http://example.com:71 | DOWN | None | None | Hostname name or service not known
2026-01-05 | 11:45 | INFO | http://webartsy.online/ | DEGRADED | 271ms | 200 | domain has been suspended
2026-01-05 | 11:45 | INFO | https://httpstat.us/404 | DOWN | None | None | Connection Refused Error
2026-01-05 | 11:45 | INFO | http://httpstat.us/503 | DOWN | None | None | Connection Refused Error
2026-01-05 | 11:45 | INFO | https://google.com | UP | 659ms | 200 | None
2026-01-05 | 11:47 | INFO | https://arif-iqbal.com/account | DEGRADED | 536ms | 404 | None
2026-01-05 | 11:47 | INFO | http://www.webartsy.site/ | DEGRADED | 283ms | 200 | domain has been suspended
2026-01-05 | 11:47 | INFO | http://webartsy.store/ | DEGRADED | 272ms | 200 | domain has been suspended
2026-01-05 | 11:47 | INFO | http://example.com:81 | DOWN | None | None | Hostname name or service not known
2026-01-05 | 11:47 | INFO | http://example.com:71 | DOWN | None | None | Hostname name or service not known
2026-01-05 | 11:47 | INFO | http://webartsy.online/ | DEGRADED | 299ms | 200 | domain has been suspended
2026-01-05 | 11:47 | INFO | https://httpstat.us/404 | DOWN | None | None | Connection Refused Error
2026-01-05 | 11:47 | INFO | http://httpstat.us/503 | DOWN | None | None | Connection Refused Error
2026-01-05 | 11:47 | INFO | https://google.com | UP | 653ms | 200 | None
2026-01-05 | 11:51 | INFO | https://arif-iqbal.com/account | DEGRADED | 525ms | 404 | None
2026-01-05 | 11:51 | INFO | http://www.webartsy.site/ | DEGRADED | 272ms | 200 | domain has been suspended
2026-01-05 | 11:51 | INFO | http://webartsy.store/ | DEGRADED | 298ms | 200 | domain has been suspended
2026-01-05 | 11:51 | INFO | http://example.com:81 | DOWN | None | None | Hostname name or service not known
2026-01-05 | 11:51 | INFO | http://example.com:71 | DOWN | None | None | Hostname name or service not known
2026-01-05 | 11:51 | INFO | http://webartsy.online/ | DEGRADED | 290ms | 200 | domain has been suspended
2026-01-05 | 11:51 | INFO | https://httpstat.us/404 | DOWN | None | None | Connection Refused Error
2026-01-05 | 11:51 | INFO | http://httpstat.us/503 | DOWN | None | None | Connection Refused Error
2026-01-05 | 11:51 | INFO | https://google.com | UP | 627ms | 200 | None
2026-01-05 | 12:18 | INFO | https://arif-iqbal.com/account | DEGRADED | 586ms | 404 | None
2026-01-05 | 12:18 | INFO | http://www.webartsy.site/ | DEGRADED | 284ms | 200 | domain has been suspended
2026-01-05 | 12:18 | INFO | http://webartsy.store/ | DEGRADED | 290ms | 200 | domain has been suspended
2026-01-05 | 12:18 | INFO | http://example.com:81 | DOWN | None | None | Hostname name or service not known
2026-01-05 | 12:18 | INFO | http://example.com:71 | DOWN | None | None | Hostname name or service not known
2026-01-05 | 12:18 | INFO | http://webartsy.online/ | DEGRADED | 271ms | 200 | domain has been suspended
2026-01-05 | 12:18 | INFO | https://httpstat.us/404 | DOWN | None | None | Connection Refused Error
2026-01-05 | 12:18 | INFO | http://httpstat.us/503 | DOWN | None | None | Connection Refused Error
2026-01-05 | 12:18 | INFO | https://google.com | UP | 653ms | 200 | None
2026-01-05 | 12:22 | INFO | https://arif-iqbal.com/account | DEGRADED | 534ms | 404 | None
2026-01-05 | 12:22 | INFO | http://www.webartsy.site/ | DEGRADED | 288ms | 200 | domain has been suspended
2026-01-05 | 12:22 | INFO | http://webartsy.store/ | DEGRADED | 300ms | 200 | domain has been suspended
2026-01-05 | 12:22 | INFO | http://example.com:81 | DOWN | None | None | Hostname name or service not known
2026-01-05 | 12:22 | INFO | http://example.com:71 | DOWN | None | None | Hostname name or service not known
2026-01-05 | 12:22 | INFO | http://webartsy.online/ | DEGRADED | 272ms | 200 | domain has been suspended
2026-01-05 | 12:22 | INFO | https://httpstat.us/404 | DOWN | None | None | Connection Refused Error
2026-01-05 | 12:22 | INFO | http://httpstat.us/503 | DOWN | None | None | Connection Refused Error
2026-01-05 | 12:22 | INFO | https://google.com | UP | 657ms | 200 | None
2026-01-05 | 12:23 | INFO | https://arif-iqbal.com/account | DEGRADED | 519ms | 404 | None
2026-01-05 | 12:23 | INFO | http://www.webartsy.site/ | DEGRADED | 309ms | 200 | domain has been suspended
2026-01-05 | 12:23 | INFO | http://webartsy.store/ | DEGRADED | 273ms | 200 | domain has been suspended
2026-01-05 | 12:23 | INFO | http://example.com:81 | DOWN | None | None | Hostname name or service not known
2026-01-05 | 12:23 | INFO | http://example.com:71 | DOWN | None | None | Hostname name or service not known
2026-01-05 | 12:23 | INFO | http://webartsy.online/ | DEGRADED | 307ms | 200 | domain has been suspended
2026-01-05 | 12:23 | INFO | https://httpstat.us/404 | DOWN | None | None | Connection Refused Error
2026-01-05 | 12:23 | INFO | http://httpstat.us/503 | DOWN | None | None | Connection Refused Error
2026-01-05 | 12:23 | INFO | https://google.com | UP | 624ms | 200 | None
2026-01-05 | 12:24 | INFO | https://arif-iqbal.com/account | DEGRADED | 539ms | 404 | None
2026-01-05 | 12:24 | INFO | http://www.webartsy.site/ | DEGRADED | 273ms | 200 | domain has been suspended
2026-01-05 | 12:24 | INFO | http://webartsy.store/ | DEGRADED | 283ms | 200 | domain has been suspended
2026-01-05 | 12:24 | INFO | http://example.com:81 | DOWN | None | None | Hostname name or service not known
2026-01-05 | 12:24 | INFO | http://example.com:71 | DOWN | None | None | Hostname name or service not known
2026-01-05 | 12:24 | INFO | http://webartsy.online/ | DEGRADED | 282ms | 200 | domain has been suspended
2026-01-05 | 12:24 | INFO | https://httpstat.us/404 | DOWN | None | None | Connection Refused Error
2026-01-05 | 12:24 | INFO | http://httpstat.us/503 | DOWN | None | None | Connection Refused Error
2026-01-05 | 12:24 | INFO | https://google.com | UP | 648ms | 200 | None
2026-01-05 | 12:42 | INFO | https://arif-iqbal.com/account | DEGRADED | 1633ms | 404 | None
2026-01-05 | 12:42 | INFO | http://www.webartsy.site/ | DEGRADED | 284ms | 200 | domain has been suspended
2026-01-05 | 12:42 | INFO | http://webartsy.store/ | DEGRADED | 279ms | 200 | domain has been suspended
2026-01-05 | 12:42 | INFO | http://example.com:81 | DOWN | None | None | Hostname name or service not known
2026-01-05 | 12:42 | INFO | http://example.com:71 | DOWN | None | None | Hostname name or service not known
2026-01-05 | 12:42 | INFO | http://webartsy.online/ | DEGRADED | 283ms | 200 | domain has been suspended
2026-01-05 | 12:42 | INFO | https://httpstat.us/404 | DOWN | None | None | Connection Refused Error
2026-01-05 | 12:42 | INFO | http://httpstat.us/503 | DOWN | None | None | Connection Refused Error
2026-01-05 | 12:42 | INFO | https://google.com | UP | 647ms | 200 | None
2026-01-05 | 12:42 | INFO | https://arif-iqbal.com/account | DEGRADED | 578ms | 404 | None
2026-01-05 | 12:43 | INFO | http://www.webartsy.site/ | DEGRADED | 406ms | 200 | domain has been suspended
2026-01-05 | 12:43 | INFO | http://webartsy.store/ | DEGRADED | 285ms | 200 | domain has been suspended
2026-01-05 | 12:43 | INFO | http://example.com:81 | DOWN | None | None | Hostname name or service not known
2026-01-05 | 12:43 | INFO | http://example.com:71 | DOWN | None | None | Hostname name or service not known
2026-01-05 | 12:43 | INFO | http://webartsy.online/ | DEGRADED | 271ms | 200 | domain has been suspended
2026-01-05 | 12:43 | INFO | https://httpstat.us/404 | DOWN | None | None | Connection Refused Error
2026-01-05 | 12:43 | INFO | http://httpstat.us/503 | DOWN | None | None | Connection Refused Error
2026-01-05 | 12:43 | INFO | https://google.com | UP | 622ms | 200 | None
2026-01-05 | 12:56 | INFO | https://arif-iqbal.com/account | DEGRADED | 575ms | 404 | None
2026-01-05 | 12:56 | INFO | http://www.webartsy.site/ | DEGRADED | 283ms | 200 | domain has been suspended
2026-01-05 | 12:56 | INFO | http://webartsy.store/ | DEGRADED | 272ms | 200 | domain has been suspended
2026-01-05 | 12:56 | INFO | http://example.com:81 | DOWN | None | None | Hostname name or service not known
2026-01-05 | 12:56 | INFO | http://example.com:71 | DOWN | None | None | Hostname name or service not known
2026-01-05 | 12:56 | INFO | http://webartsy.online/ | DEGRADED | 271ms | 200 | domain has been suspended
2026-01-05 | 12:56 | INFO | https://httpstat.us/404 | DOWN | None | None | Connection Refused Error
2026-01-05 | 12:56 | INFO | http://httpstat.us/503 | DOWN | None | None | Connection Refused Error
2026-01-05 | 12:56 | INFO | https://google.com | UP | 656ms | 200 | None
